
======================================================================
                           完全自动化联邦学习LR训练流程                            
======================================================================

基于源代码深度分析的完整自动化实现
无需Web界面，纯API完成所有操作


======================================================================
▶ 步骤 1: 用户登录
======================================================================
✅ 登录成功
   用户: admin, ID: 1

======================================================================
▶ 步骤 2: 创建联邦学习LR模型
======================================================================
正在创建模型配置...
✅ 模型创建成功
   模型ID: 2
   模型类型: 横向联邦逻辑回归
   训练参数:
     - Learning Rate: 0.1
     - Batch Size: 32
     - Global Epoch: 10
     - Local Epoch: 1

======================================================================
▶ 步骤 3: 运行联邦学习训练任务
======================================================================
正在启动模型训练（模型ID: 2）...
❌ 启动训练失败: {'code': 1007, 'msg': '失败:组件[选择数据集]参数[选择数据]不可以为空', 'result': None, 'extra': None}
